[debug] [2025-01-25T14:54:57.422Z] ----------------------------------------------------------------------
[debug] [2025-01-25T14:54:57.423Z] Command:       /opt/homebrew/Cellar/node/23.5.0/bin/node /opt/homebrew/bin/firebase deploy --only functions
[debug] [2025-01-25T14:54:57.424Z] CLI Version:   13.29.1
[debug] [2025-01-25T14:54:57.424Z] Platform:      darwin
[debug] [2025-01-25T14:54:57.424Z] Node Version:  v23.5.0
[debug] [2025-01-25T14:54:57.424Z] Time:          Sat Jan 25 2025 20:24:57 GMT+0530 (India Standard Time)
[debug] [2025-01-25T14:54:57.424Z] ----------------------------------------------------------------------
[debug] 
[debug] [2025-01-25T14:54:57.453Z] > command requires scopes: ["email","openid","https://www.googleapis.com/auth/cloudplatformprojects.readonly","https://www.googleapis.com/auth/firebase","https://www.googleapis.com/auth/cloud-platform"]
[debug] [2025-01-25T14:54:57.453Z] > authorizing via signed-in user (tilakpuli15@gmail.com)
[debug] [2025-01-25T14:54:57.453Z] [iam] checking project finbud-99269 for permissions ["cloudfunctions.functions.create","cloudfunctions.functions.delete","cloudfunctions.functions.get","cloudfunctions.functions.list","cloudfunctions.functions.update","cloudfunctions.operations.get","firebase.projects.get"]
[debug] [2025-01-25T14:54:57.453Z] Checked if tokens are valid: true, expires at: 1737820002404
[debug] [2025-01-25T14:54:57.453Z] Checked if tokens are valid: true, expires at: 1737820002404
[debug] [2025-01-25T14:54:57.454Z] >>> [apiv2][query] POST https://cloudresourcemanager.googleapis.com/v1/projects/finbud-99269:testIamPermissions [none]
[debug] [2025-01-25T14:54:57.454Z] >>> [apiv2][(partial)header] POST https://cloudresourcemanager.googleapis.com/v1/projects/finbud-99269:testIamPermissions x-goog-quota-user=projects/finbud-99269
[debug] [2025-01-25T14:54:57.454Z] >>> [apiv2][body] POST https://cloudresourcemanager.googleapis.com/v1/projects/finbud-99269:testIamPermissions {"permissions":["cloudfunctions.functions.create","cloudfunctions.functions.delete","cloudfunctions.functions.get","cloudfunctions.functions.list","cloudfunctions.functions.update","cloudfunctions.operations.get","firebase.projects.get"]}
[debug] [2025-01-25T14:54:58.741Z] <<< [apiv2][status] POST https://cloudresourcemanager.googleapis.com/v1/projects/finbud-99269:testIamPermissions 200
[debug] [2025-01-25T14:54:58.741Z] <<< [apiv2][body] POST https://cloudresourcemanager.googleapis.com/v1/projects/finbud-99269:testIamPermissions {"permissions":["cloudfunctions.functions.create","cloudfunctions.functions.delete","cloudfunctions.functions.get","cloudfunctions.functions.list","cloudfunctions.functions.update","cloudfunctions.operations.get","firebase.projects.get"]}
[debug] [2025-01-25T14:54:58.742Z] Checked if tokens are valid: true, expires at: 1737820002404
[debug] [2025-01-25T14:54:58.742Z] Checked if tokens are valid: true, expires at: 1737820002404
[debug] [2025-01-25T14:54:58.742Z] >>> [apiv2][query] POST https://iam.googleapis.com/v1/projects/finbud-99269/serviceAccounts/finbud-99269@appspot.gserviceaccount.com:testIamPermissions [none]
[debug] [2025-01-25T14:54:58.742Z] >>> [apiv2][body] POST https://iam.googleapis.com/v1/projects/finbud-99269/serviceAccounts/finbud-99269@appspot.gserviceaccount.com:testIamPermissions {"permissions":["iam.serviceAccounts.actAs"]}
[debug] [2025-01-25T14:55:00.292Z] <<< [apiv2][status] POST https://iam.googleapis.com/v1/projects/finbud-99269/serviceAccounts/finbud-99269@appspot.gserviceaccount.com:testIamPermissions 200
[debug] [2025-01-25T14:55:00.292Z] <<< [apiv2][body] POST https://iam.googleapis.com/v1/projects/finbud-99269/serviceAccounts/finbud-99269@appspot.gserviceaccount.com:testIamPermissions {"permissions":["iam.serviceAccounts.actAs"]}
[info] 
[info] === Deploying to 'finbud-99269'...
[info] 
[info] i  deploying functions 
[debug] [2025-01-25T14:55:00.299Z] Checked if tokens are valid: true, expires at: 1737820002404
[debug] [2025-01-25T14:55:00.302Z] Checked if tokens are valid: true, expires at: 1737820002404
[debug] [2025-01-25T14:55:00.302Z] >>> [apiv2][query] GET https://cloudresourcemanager.googleapis.com/v1/projects/finbud-99269 [none]
