[debug] [2025-06-29T07:01:02.235Z] ----------------------------------------------------------------------
[debug] [2025-06-29T07:01:02.236Z] Command:       /opt/homebrew/Cellar/node@20/20.18.3/bin/node /opt/homebrew/bin/firebase deploy --only functions
[debug] [2025-06-29T07:01:02.236Z] CLI Version:   13.29.1
[debug] [2025-06-29T07:01:02.237Z] Platform:      darwin
[debug] [2025-06-29T07:01:02.237Z] Node Version:  v20.18.3
[debug] [2025-06-29T07:01:02.237Z] Time:          Sun Jun 29 2025 12:31:02 GMT+0530 (India Standard Time)
[debug] [2025-06-29T07:01:02.237Z] ----------------------------------------------------------------------
[debug] 
[debug] [2025-06-29T07:01:02.277Z] > command requires scopes: ["email","openid","https://www.googleapis.com/auth/cloudplatformprojects.readonly","https://www.googleapis.com/auth/firebase","https://www.googleapis.com/auth/cloud-platform"]
[debug] [2025-06-29T07:01:02.277Z] > authorizing via signed-in user (tilakpuli15@gmail.com)
[debug] [2025-06-29T07:01:02.277Z] [iam] checking project finbud-99269 for permissions ["cloudfunctions.functions.create","cloudfunctions.functions.delete","cloudfunctions.functions.get","cloudfunctions.functions.list","cloudfunctions.functions.update","cloudfunctions.operations.get","firebase.projects.get"]
[debug] [2025-06-29T07:01:02.278Z] Checked if tokens are valid: true, expires at: 1751183785108
[debug] [2025-06-29T07:01:02.278Z] Checked if tokens are valid: true, expires at: 1751183785108
[debug] [2025-06-29T07:01:02.278Z] >>> [apiv2][query] POST https://cloudresourcemanager.googleapis.com/v1/projects/finbud-99269:testIamPermissions [none]
[debug] [2025-06-29T07:01:02.278Z] >>> [apiv2][(partial)header] POST https://cloudresourcemanager.googleapis.com/v1/projects/finbud-99269:testIamPermissions x-goog-quota-user=projects/finbud-99269
[debug] [2025-06-29T07:01:02.278Z] >>> [apiv2][body] POST https://cloudresourcemanager.googleapis.com/v1/projects/finbud-99269:testIamPermissions {"permissions":["cloudfunctions.functions.create","cloudfunctions.functions.delete","cloudfunctions.functions.get","cloudfunctions.functions.list","cloudfunctions.functions.update","cloudfunctions.operations.get","firebase.projects.get"]}
[debug] [2025-06-29T07:01:03.588Z] <<< [apiv2][status] POST https://cloudresourcemanager.googleapis.com/v1/projects/finbud-99269:testIamPermissions 200
[debug] [2025-06-29T07:01:03.589Z] <<< [apiv2][body] POST https://cloudresourcemanager.googleapis.com/v1/projects/finbud-99269:testIamPermissions {"permissions":["cloudfunctions.functions.create","cloudfunctions.functions.delete","cloudfunctions.functions.get","cloudfunctions.functions.list","cloudfunctions.functions.update","cloudfunctions.operations.get","firebase.projects.get"]}
[debug] [2025-06-29T07:01:03.589Z] Checked if tokens are valid: true, expires at: 1751183785108
[debug] [2025-06-29T07:01:03.590Z] Checked if tokens are valid: true, expires at: 1751183785108
[debug] [2025-06-29T07:01:03.590Z] >>> [apiv2][query] POST https://iam.googleapis.com/v1/projects/finbud-99269/serviceAccounts/finbud-99269@appspot.gserviceaccount.com:testIamPermissions [none]
[debug] [2025-06-29T07:01:03.590Z] >>> [apiv2][body] POST https://iam.googleapis.com/v1/projects/finbud-99269/serviceAccounts/finbud-99269@appspot.gserviceaccount.com:testIamPermissions {"permissions":["iam.serviceAccounts.actAs"]}
[debug] [2025-06-29T07:01:05.156Z] <<< [apiv2][status] POST https://iam.googleapis.com/v1/projects/finbud-99269/serviceAccounts/finbud-99269@appspot.gserviceaccount.com:testIamPermissions 200
[debug] [2025-06-29T07:01:05.156Z] <<< [apiv2][body] POST https://iam.googleapis.com/v1/projects/finbud-99269/serviceAccounts/finbud-99269@appspot.gserviceaccount.com:testIamPermissions {"permissions":["iam.serviceAccounts.actAs"]}
[info] 
[info] === Deploying to 'finbud-99269'...
[info] 
[info] i  deploying functions 
[debug] [2025-06-29T07:01:05.160Z] Checked if tokens are valid: true, expires at: 1751183785108
[debug] [2025-06-29T07:01:05.160Z] Checked if tokens are valid: true, expires at: 1751183785108
[debug] [2025-06-29T07:01:05.160Z] >>> [apiv2][query] GET https://cloudresourcemanager.googleapis.com/v1/projects/finbud-99269 [none]
[debug] [2025-06-29T07:01:05.460Z] <<< [apiv2][status] GET https://cloudresourcemanager.googleapis.com/v1/projects/finbud-99269 200
[debug] [2025-06-29T07:01:05.460Z] <<< [apiv2][body] GET https://cloudresourcemanager.googleapis.com/v1/projects/finbud-99269 {"projectNumber":"706321535461","projectId":"finbud-99269","lifecycleState":"ACTIVE","name":"Finget","labels":{"firebase":"enabled","generative-language":"enabled"},"createTime":"2023-11-30T05:59:01.645572Z"}
[info] i  functions: preparing codebase default for deployment 
[info] i  functions: ensuring required API cloudfunctions.googleapis.com is enabled... 
[debug] [2025-06-29T07:01:05.460Z] Checked if tokens are valid: true, expires at: 1751183785108
[debug] [2025-06-29T07:01:05.460Z] Checked if tokens are valid: true, expires at: 1751183785108
[debug] [2025-06-29T07:01:05.461Z] Checked if tokens are valid: true, expires at: 1751183785108
[debug] [2025-06-29T07:01:05.461Z] Checked if tokens are valid: true, expires at: 1751183785108
[info] i  functions: ensuring required API cloudbuild.googleapis.com is enabled... 
[debug] [2025-06-29T07:01:05.461Z] Checked if tokens are valid: true, expires at: 1751183785108
[debug] [2025-06-29T07:01:05.461Z] Checked if tokens are valid: true, expires at: 1751183785108
[info] i  artifactregistry: ensuring required API artifactregistry.googleapis.com is enabled... 
[debug] [2025-06-29T07:01:05.461Z] Checked if tokens are valid: true, expires at: 1751183785108
[debug] [2025-06-29T07:01:05.461Z] Checked if tokens are valid: true, expires at: 1751183785108
[debug] [2025-06-29T07:01:05.461Z] >>> [apiv2][query] GET https://serviceusage.googleapis.com/v1/projects/finbud-99269/services/cloudfunctions.googleapis.com [none]
[debug] [2025-06-29T07:01:05.461Z] >>> [apiv2][(partial)header] GET https://serviceusage.googleapis.com/v1/projects/finbud-99269/services/cloudfunctions.googleapis.com x-goog-quota-user=projects/finbud-99269
[debug] [2025-06-29T07:01:05.462Z] >>> [apiv2][query] GET https://serviceusage.googleapis.com/v1/projects/finbud-99269/services/runtimeconfig.googleapis.com [none]
[debug] [2025-06-29T07:01:05.462Z] >>> [apiv2][(partial)header] GET https://serviceusage.googleapis.com/v1/projects/finbud-99269/services/runtimeconfig.googleapis.com x-goog-quota-user=projects/finbud-99269
[debug] [2025-06-29T07:01:05.462Z] >>> [apiv2][query] GET https://serviceusage.googleapis.com/v1/projects/finbud-99269/services/cloudbuild.googleapis.com [none]
[debug] [2025-06-29T07:01:05.462Z] >>> [apiv2][(partial)header] GET https://serviceusage.googleapis.com/v1/projects/finbud-99269/services/cloudbuild.googleapis.com x-goog-quota-user=projects/finbud-99269
[debug] [2025-06-29T07:01:05.463Z] >>> [apiv2][query] GET https://serviceusage.googleapis.com/v1/projects/finbud-99269/services/artifactregistry.googleapis.com [none]
[debug] [2025-06-29T07:01:05.463Z] >>> [apiv2][(partial)header] GET https://serviceusage.googleapis.com/v1/projects/finbud-99269/services/artifactregistry.googleapis.com x-goog-quota-user=projects/finbud-99269
[debug] [2025-06-29T07:01:07.098Z] <<< [apiv2][status] GET https://serviceusage.googleapis.com/v1/projects/finbud-99269/services/runtimeconfig.googleapis.com 200
[debug] [2025-06-29T07:01:07.098Z] <<< [apiv2][body] GET https://serviceusage.googleapis.com/v1/projects/finbud-99269/services/runtimeconfig.googleapis.com [omitted]
[debug] [2025-06-29T07:01:07.121Z] <<< [apiv2][status] GET https://serviceusage.googleapis.com/v1/projects/finbud-99269/services/cloudbuild.googleapis.com 200
[debug] [2025-06-29T07:01:07.121Z] <<< [apiv2][body] GET https://serviceusage.googleapis.com/v1/projects/finbud-99269/services/cloudbuild.googleapis.com [omitted]
[info] ✔  functions: required API cloudbuild.googleapis.com is enabled 
[debug] [2025-06-29T07:01:07.122Z] <<< [apiv2][status] GET https://serviceusage.googleapis.com/v1/projects/finbud-99269/services/cloudfunctions.googleapis.com 200
[debug] [2025-06-29T07:01:07.122Z] <<< [apiv2][body] GET https://serviceusage.googleapis.com/v1/projects/finbud-99269/services/cloudfunctions.googleapis.com [omitted]
[info] ✔  functions: required API cloudfunctions.googleapis.com is enabled 
[debug] [2025-06-29T07:01:07.137Z] <<< [apiv2][status] GET https://serviceusage.googleapis.com/v1/projects/finbud-99269/services/artifactregistry.googleapis.com 200
[debug] [2025-06-29T07:01:07.137Z] <<< [apiv2][body] GET https://serviceusage.googleapis.com/v1/projects/finbud-99269/services/artifactregistry.googleapis.com [omitted]
[info] ✔  artifactregistry: required API artifactregistry.googleapis.com is enabled 
[debug] [2025-06-29T07:01:07.138Z] Checked if tokens are valid: true, expires at: 1751183785108
[debug] [2025-06-29T07:01:07.138Z] Checked if tokens are valid: true, expires at: 1751183785108
[debug] [2025-06-29T07:01:07.138Z] >>> [apiv2][query] GET https://firebase.googleapis.com/v1beta1/projects/finbud-99269/adminSdkConfig [none]
[debug] [2025-06-29T07:01:07.608Z] <<< [apiv2][status] GET https://firebase.googleapis.com/v1beta1/projects/finbud-99269/adminSdkConfig 200
[debug] [2025-06-29T07:01:07.609Z] <<< [apiv2][body] GET https://firebase.googleapis.com/v1beta1/projects/finbud-99269/adminSdkConfig {"projectId":"finbud-99269","storageBucket":"finbud-99269.firebasestorage.app"}
[debug] [2025-06-29T07:01:07.609Z] Checked if tokens are valid: true, expires at: 1751183785108
[debug] [2025-06-29T07:01:07.609Z] Checked if tokens are valid: true, expires at: 1751183785108
[debug] [2025-06-29T07:01:07.609Z] >>> [apiv2][query] GET https://runtimeconfig.googleapis.com/v1beta1/projects/finbud-99269/configs [none]
